<?xml version="1.0" encoding="UTF-8"?>
<!-- Generated by org.testng.reporters.JUnitXMLReporter -->
<testsuite ignored="0" hostname="LenovoAsus" failures="1" tests="3" name="Surefire test" time="21.476" errors="0" timestamp="2024-12-11T18:55:22 WIB">
  <testcase classname="com.ujian.CheckoutTest" name="checkoutWithEmptyCartTest" time="4.661">
    <failure type="java.lang.AssertionError" message="expected [false] but found [true]">
      <![CDATA[java.lang.AssertionError: expected [false] but found [true]
at com.ujian.CheckoutTest.checkoutWithEmptyCartTest(CheckoutTest.java:72)
at java.base/java.util.ArrayList.forEach(ArrayList.java:1511)
... Removed 36 stack frames]]>
    </failure>
  </testcase> <!-- checkoutWithEmptyCartTest -->
  <testcase classname="com.ujian.CheckoutTest" name="missingCheckoutDetailsTest" time="5.734"/>
  <testcase classname="com.ujian.CheckoutTest" name="successfulCheckoutTest" time="5.687"/>
</testsuite> <!-- Surefire test -->
