<?xml version="1.0" encoding="UTF-8"?>
<testng-results ignored="0" total="3" passed="2" failed="1" skipped="0">
  <reporter-output>
  </reporter-output>
  <suite started-at="2024-12-11T18:55:01 WIB" name="Surefire suite" finished-at="2024-12-11T18:55:22 WIB" duration-ms="21476">
    <groups>
    </groups>
    <test started-at="2024-12-11T18:55:01 WIB" name="Surefire test" finished-at="2024-12-11T18:55:22 WIB" duration-ms="21476">
      <class name="com.ujian.CheckoutTest">
        <test-method is-config="true" signature="setup()[pri:0, instance:com.ujian.CheckoutTest@27ae2fd0]" started-at="2024-12-11T18:55:01 WIB" name="setup" finished-at="2024-12-11T18:55:02 WIB" duration-ms="1712" status="PASS">
          <reporter-output>
          </reporter-output>
        </test-method> <!-- setup -->
        <test-method signature="checkoutWithEmptyCartTest()[pri:0, instance:com.ujian.CheckoutTest@27ae2fd0]" started-at="2024-12-11T18:55:02 WIB" name="checkoutWithEmptyCartTest" finished-at="2024-12-11T18:55:07 WIB" duration-ms="4661" status="FAIL">
          <exception class="java.lang.AssertionError">
            <message>
              <![CDATA[expected [false] but found [true]]]>
            </message>
            <full-stacktrace>
              <![CDATA[java.lang.AssertionError: expected [false] but found [true]
at org.testng.Assert.fail(Assert.java:111)
at org.testng.Assert.failNotEquals(Assert.java:1578)
at org.testng.Assert.assertFalse(Assert.java:79)
at org.testng.Assert.assertFalse(Assert.java:89)
at com.ujian.CheckoutTest.checkoutWithEmptyCartTest(CheckoutTest.java:72)
at java.base/jdk.internal.reflect.NativeMethodAccessorImpl.invoke0(Native Method)
at java.base/jdk.internal.reflect.NativeMethodAccessorImpl.invoke(NativeMethodAccessorImpl.java:77)
at java.base/jdk.internal.reflect.DelegatingMethodAccessorImpl.invoke(DelegatingMethodAccessorImpl.java:43)
at java.base/java.lang.reflect.Method.invoke(Method.java:568)
at org.testng.internal.invokers.MethodInvocationHelper.invokeMethod(MethodInvocationHelper.java:139)
at org.testng.internal.invokers.TestInvoker.invokeMethod(TestInvoker.java:664)
at org.testng.internal.invokers.TestInvoker.invokeTestMethod(TestInvoker.java:228)
at org.testng.internal.invokers.MethodRunner.runInSequence(MethodRunner.java:63)
at org.testng.internal.invokers.TestInvoker$MethodInvocationAgent.invoke(TestInvoker.java:961)
at org.testng.internal.invokers.TestInvoker.invokeTestMethods(TestInvoker.java:201)
at org.testng.internal.invokers.TestMethodWorker.invokeTestMethods(TestMethodWorker.java:148)
at org.testng.internal.invokers.TestMethodWorker.run(TestMethodWorker.java:128)
at java.base/java.util.ArrayList.forEach(ArrayList.java:1511)
at org.testng.TestRunner.privateRun(TestRunner.java:819)
at org.testng.TestRunner.run(TestRunner.java:619)
at org.testng.SuiteRunner.runTest(SuiteRunner.java:443)
at org.testng.SuiteRunner.runSequentially(SuiteRunner.java:437)
at org.testng.SuiteRunner.privateRun(SuiteRunner.java:397)
at org.testng.SuiteRunner.run(SuiteRunner.java:336)
at org.testng.SuiteRunnerWorker.runSuite(SuiteRunnerWorker.java:52)
at org.testng.SuiteRunnerWorker.run(SuiteRunnerWorker.java:95)
at org.testng.TestNG.runSuitesSequentially(TestNG.java:1301)
at org.testng.TestNG.runSuitesLocally(TestNG.java:1228)
at org.testng.TestNG.runSuites(TestNG.java:1134)
at org.testng.TestNG.run(TestNG.java:1101)
at org.apache.maven.surefire.testng.TestNGExecutor.run(TestNGExecutor.java:155)
at org.apache.maven.surefire.testng.TestNGDirectoryTestSuite.executeSingleClass(TestNGDirectoryTestSuite.java:102)
at org.apache.maven.surefire.testng.TestNGDirectoryTestSuite.execute(TestNGDirectoryTestSuite.java:91)
at org.apache.maven.surefire.testng.TestNGProvider.invoke(TestNGProvider.java:137)
at org.apache.maven.surefire.booter.ForkedBooter.runSuitesInProcess(ForkedBooter.java:385)
at org.apache.maven.surefire.booter.ForkedBooter.execute(ForkedBooter.java:162)
at org.apache.maven.surefire.booter.ForkedBooter.run(ForkedBooter.java:507)
at org.apache.maven.surefire.booter.ForkedBooter.main(ForkedBooter.java:495)
]]>
            </full-stacktrace>
          </exception> <!-- java.lang.AssertionError -->
          <reporter-output>
          </reporter-output>
        </test-method> <!-- checkoutWithEmptyCartTest -->
        <test-method is-config="true" signature="teardown()[pri:0, instance:com.ujian.CheckoutTest@27ae2fd0]" started-at="2024-12-11T18:55:07 WIB" name="teardown" finished-at="2024-12-11T18:55:07 WIB" duration-ms="124" status="PASS">
          <reporter-output>
          </reporter-output>
        </test-method> <!-- teardown -->
        <test-method is-config="true" signature="setup()[pri:0, instance:com.ujian.CheckoutTest@27ae2fd0]" started-at="2024-12-11T18:55:07 WIB" name="setup" finished-at="2024-12-11T18:55:09 WIB" duration-ms="2217" status="PASS">
          <reporter-output>
          </reporter-output>
        </test-method> <!-- setup -->
        <test-method signature="missingCheckoutDetailsTest()[pri:0, instance:com.ujian.CheckoutTest@27ae2fd0]" started-at="2024-12-11T18:55:09 WIB" name="missingCheckoutDetailsTest" finished-at="2024-12-11T18:55:15 WIB" duration-ms="5734" status="PASS">
          <reporter-output>
          </reporter-output>
        </test-method> <!-- missingCheckoutDetailsTest -->
        <test-method is-config="true" signature="teardown()[pri:0, instance:com.ujian.CheckoutTest@27ae2fd0]" started-at="2024-12-11T18:55:15 WIB" name="teardown" finished-at="2024-12-11T18:55:15 WIB" duration-ms="105" status="PASS">
          <reporter-output>
          </reporter-output>
        </test-method> <!-- teardown -->
        <test-method is-config="true" signature="setup()[pri:0, instance:com.ujian.CheckoutTest@27ae2fd0]" started-at="2024-12-11T18:55:15 WIB" name="setup" finished-at="2024-12-11T18:55:16 WIB" duration-ms="1086" status="PASS">
          <reporter-output>
          </reporter-output>
        </test-method> <!-- setup -->
        <test-method signature="successfulCheckoutTest()[pri:0, instance:com.ujian.CheckoutTest@27ae2fd0]" started-at="2024-12-11T18:55:16 WIB" name="successfulCheckoutTest" finished-at="2024-12-11T18:55:22 WIB" duration-ms="5687" status="PASS">
          <reporter-output>
          </reporter-output>
        </test-method> <!-- successfulCheckoutTest -->
        <test-method is-config="true" signature="teardown()[pri:0, instance:com.ujian.CheckoutTest@27ae2fd0]" started-at="2024-12-11T18:55:22 WIB" name="teardown" finished-at="2024-12-11T18:55:22 WIB" duration-ms="117" status="PASS">
          <reporter-output>
          </reporter-output>
        </test-method> <!-- teardown -->
      </class> <!-- com.ujian.CheckoutTest -->
    </test> <!-- Surefire test -->
  </suite> <!-- Surefire suite -->
</testng-results>
