<?xml version="1.0" encoding="UTF-8"?>
<!-- Generated by org.testng.reporters.JUnitXMLReporter -->
<testsuite ignored="0" hostname="LenovoAsus" failures="1" tests="7" name="Firt My Test" time="28.149" errors="0" timestamp="2024-12-11T18:49:24 WIB">
  <testcase classname="com.ujian.LoginTest" name="emptyCredentialsLoginTest" time="0.178"/>
  <testcase classname="com.ujian.LoginTest" name="invalidPasswordLoginTest" time="0.283"/>
  <testcase classname="com.ujian.LoginTest" name="invalidUsernameLoginTest" time="0.272"/>
  <testcase classname="com.ujian.LoginTest" name="validLoginTest" time="0.277"/>
  <testcase classname="com.ujian.CheckoutTest" name="checkoutWithEmptyCartTest" time="4.901">
    <failure type="java.lang.AssertionError" message="expected [false] but found [true]">
      <![CDATA[java.lang.AssertionError: expected [false] but found [true]
at com.ujian.CheckoutTest.checkoutWithEmptyCartTest(CheckoutTest.java:71)
at java.base/java.util.ArrayList.forEach(ArrayList.java:1511)
... Removed 35 stack frames]]>
    </failure>
  </testcase> <!-- checkoutWithEmptyCartTest -->
  <testcase classname="com.ujian.CheckoutTest" name="missingCheckoutDetailsTest" time="6.005"/>
  <testcase classname="com.ujian.CheckoutTest" name="successfulCheckoutTest" time="5.737"/>
</testsuite> <!-- Firt My Test -->
